C:\Users\tmeni\OneDrive\Documents\Github\GodOfSnow\NormalMapPS.hlsl(72,61-94): warning X3206: implicit truncation of vector type
  compilation object save succeeded; see C:\Users\tmeni\OneDrive\Documents\Github\GodOfSnow\x64\Debug\NormalMapPS.cso
C:\Users\tmeni\OneDrive\Documents\Github\GodOfSnow\NormalMapPS.hlsl(79,61-94): warning X3206: implicit truncation of vector type
C:\Users\tmeni\OneDrive\Documents\Github\GodOfSnow\NormalMapPS.hlsl(95,16-39): warning X3206: implicit truncation of vector type
  
  compilation object save succeeded; see C:\Users\tmeni\OneDrive\Documents\Github\GodOfSnow\x64\Debug\NormalMapVS.cso
C:\Users\tmeni\OneDrive\Documents\Github\GodOfSnow\PixelShader.hlsl(60,61-94): warning X3206: implicit truncation of vector type
C:\Users\tmeni\OneDrive\Documents\Github\GodOfSnow\PixelShader.hlsl(67,61-94): warning X3206: implicit truncation of vector type
C:\Users\tmeni\OneDrive\Documents\Github\GodOfSnow\PixelShader.hlsl(82,16-39): warning X3206: implicit truncation of vector type
  
  compilation object save succeeded; see C:\Users\tmeni\OneDrive\Documents\Github\GodOfSnow\x64\Debug\PixelShader.cso
  compilation object save succeeded; see C:\Users\tmeni\OneDrive\Documents\Github\GodOfSnow\x64\Debug\VertexShader.cso
  Camera.cpp
  DXCore.cpp
  Game.cpp
C:\Users\tmeni\OneDrive\Documents\Github\GodOfSnow\Game.cpp(234,46): warning C4244: 'argument': conversion from 'double' to 'float', possible loss of data
C:\Users\tmeni\OneDrive\Documents\Github\GodOfSnow\Game.cpp(235,60): warning C4244: 'argument': conversion from 'double' to 'float', possible loss of data
C:\Users\tmeni\OneDrive\Documents\Github\GodOfSnow\Game.cpp(235,46): warning C4244: 'argument': conversion from 'double' to 'float', possible loss of data
C:\Users\tmeni\OneDrive\Documents\Github\GodOfSnow\Game.cpp(236,64): warning C4244: 'argument': conversion from 'double' to 'float', possible loss of data
C:\Users\tmeni\OneDrive\Documents\Github\GodOfSnow\Game.cpp(236,48): warning C4244: 'argument': conversion from 'double' to 'float', possible loss of data
C:\Users\tmeni\OneDrive\Documents\Github\GodOfSnow\Game.cpp(237,97): warning C4244: 'argument': conversion from 'double' to 'float', possible loss of data
C:\Users\tmeni\OneDrive\Documents\Github\GodOfSnow\Game.cpp(238,98): warning C4244: 'argument': conversion from 'double' to 'float', possible loss of data
  GameEntity.cpp
  Main.cpp
  Material.cpp
  Mesh.cpp
  SimpleShader.cpp
  Transform.cpp
  Generating Code...
  DX11Starter.vcxproj -> C:\Users\tmeni\OneDrive\Documents\Github\GodOfSnow\x64\Debug\DX11Starter.exe
